<?xml version="1.0" encoding="UTF-8"?>
<!-- Generated by org.testng.reporters.JUnitReportReporter -->
<testsuite hostname="LP-UBAI-PROG" failures="0" tests="2" name="com.prollo.testrunner.TestRun" time="12.611" errors="0" timestamp="2024-07-30T15:14:57 WIB" skipped="0">
  <testcase classname="com.prollo.testrunner.TestRun" name="runScenario" time="2.732"/>
  <system-out/>
  <testcase classname="com.prollo.testrunner.TestRun" name="runScenario" time="9.879"/>
  <system-out/>
</testsuite> <!-- com.prollo.testrunner.TestRun -->
